29 апр. 2025 00:54:20,240 ERROR SystemLogger - Failed to initialize tess4j. Add tess4j jar to classpath.
29 апр. 2025 02:52:42,357 ERROR SystemLogger - Failed to initialize tess4j. Add tess4j jar to classpath.
29 апр. 2025 03:02:18,244 ERROR SystemLogger - Failed to initialize tess4j. Add tess4j jar to classpath.
29 апр. 2025 03:15:31,979 ERROR SystemLogger - Failed to initialize tess4j. Add tess4j jar to classpath.
29 апр. 2025 03:16:53,101 ERROR SystemLogger - Failed to initialize tess4j. Add tess4j jar to classpath.
29 апр. 2025 03:21:03,935 ERROR SystemLogger - Failed to initialize tess4j. Add tess4j jar to classpath.
29 апр. 2025 03:41:15,931 ERROR SystemLogger - Failed to initialize tess4j. Add tess4j jar to classpath.
29 апр. 2025 03:45:24,396 ERROR SystemLogger - Failed to initialize tess4j. Add tess4j jar to classpath.
29 апр. 2025 03:46:40,681 ERROR SystemLogger - Failed to initialize tess4j. Add tess4j jar to classpath.
29 апр. 2025 03:50:23,742 ERROR SystemLogger - Failed to initialize tess4j. Add tess4j jar to classpath.
29 апр. 2025 04:07:54,347 ERROR SystemLogger - Failed to initialize tess4j. Add tess4j jar to classpath.
29 апр. 2025 04:10:01,627 ERROR SystemLogger - Failed to initialize tess4j. Add tess4j jar to classpath.
29 апр. 2025 04:14:23,588 ERROR SystemLogger - Failed to initialize tess4j. Add tess4j jar to classpath.
29 апр. 2025 04:21:40,513 ERROR SystemLogger - Failed to initialize tess4j. Add tess4j jar to classpath.
29 апр. 2025 04:24:32,119 ERROR SystemLogger - Failed to initialize tess4j. Add tess4j jar to classpath.
29 апр. 2025 04:27:11,901 ERROR SystemLogger - Failed to initialize tess4j. Add tess4j jar to classpath.
29 апр. 2025 12:49:38,989 ERROR SystemLogger - Failed to initialize tess4j. Add tess4j jar to classpath.
29 апр. 2025 12:54:05,402 ERROR SystemLogger - Failed to initialize tess4j. Add tess4j jar to classpath.
29 апр. 2025 12:55:31,944 ERROR SystemLogger - Failed to initialize tess4j. Add tess4j jar to classpath.
29 апр. 2025 12:58:14,031 ERROR StartLogger - Exception while starting logics instance: [error]:
	HockeyStats:130:5 property or action 'index[HockeyStats.GamePlayer]' is not found
Subsequent errors (if any) could not be found.
29 апр. 2025 13:00:55,299 ERROR SystemLogger - Failed to initialize tess4j. Add tess4j jar to classpath.
29 апр. 2025 13:04:43,174 ERROR SystemLogger - Failed to initialize tess4j. Add tess4j jar to classpath.
29 апр. 2025 13:06:41,283 ERROR SystemLogger - Failed to initialize tess4j. Add tess4j jar to classpath.
29 апр. 2025 13:10:26,352 ERROR SystemLogger - Failed to initialize tess4j. Add tess4j jar to classpath.
29 апр. 2025 13:12:58,330 ERROR SystemLogger - Failed to initialize tess4j. Add tess4j jar to classpath.
29 апр. 2025 13:28:19,205 ERROR StartLogger - Exception while starting logics instance: [error]:
	Teams:40:5 property or action 'index[Teams.Player]' is not found
Subsequent errors (if any) could not be found.
29 апр. 2025 13:29:19,487 ERROR StartLogger - Exception while starting logics instance: [error]:
	HockeyStats:127:5 property or action 'index[HockeyStats.GamePlayer]' is not found
Subsequent errors (if any) could not be found.
29 апр. 2025 13:29:45,086 ERROR SystemLogger - Failed to initialize tess4j. Add tess4j jar to classpath.
29 апр. 2025 13:52:48,624 ERROR StartLogger - Exception while starting logics instance: [error]:
	HockeyStats:58:81 WHERE clause is forbidden with 'lsfusion.server.language.ScriptingLogicsModule$GroupingType@267db595' grouping type
Subsequent errors (if any) could not be found.
29 апр. 2025 13:57:26,190 ERROR SystemLogger - Failed to initialize tess4j. Add tess4j jar to classpath.
29 апр. 2025 14:00:12,984 ERROR StartLogger - Exception while starting logics instance: [error]:
	HockeyStats:58:76 multiple aggregate properties are forbidden with 'lsfusion.server.language.ScriptingLogicsModule$GroupingType@afb984b' grouping type
Subsequent errors (if any) could not be found.
29 апр. 2025 14:03:49,559 ERROR StartLogger - Exception while starting logics instance: [error]:
	HockeyStats:61:76 multiple aggregate properties are forbidden with 'lsfusion.server.language.ScriptingLogicsModule$GroupingType@73d22187' grouping type
Subsequent errors (if any) could not be found.
29 апр. 2025 14:10:10,006 ERROR SystemLogger - Failed to initialize tess4j. Add tess4j jar to classpath.
29 апр. 2025 14:11:40,206 ERROR SystemLogger - Thread 'Thread[RMI:HockeyStats.teamAndPlayers, TID - (41),5,RMI Runtime]' was forcefully stopped.
29 апр. 2025 14:11:40,206 ERROR SystemLogger - Thread 'Thread[RMI:HockeyStats.teamAndPlayers, TID - (69),5,RMI Runtime]' was forcefully stopped.
29 апр. 2025 14:11:40,207 ERROR SystemLogger - Thread 'Thread[RMI:HockeyStats.teamAndPlayers, TID - (60),5,RMI Runtime]' was forcefully stopped.
29 апр. 2025 14:11:40,208 ERROR SystemLogger - Thread 'Thread[RMI:HockeyStats.teamAndPlayers, TID - (70),5,RMI Runtime]' was forcefully stopped.
29 апр. 2025 14:11:40,208 ERROR SystemLogger - Thread 'Thread[RMI:HockeyStats.teamAndPlayers, TID - (68),5,RMI Runtime]' was forcefully stopped.
29 апр. 2025 14:11:40,213 ERROR SystemLogger - Thread 'Thread[RMI:HockeyStats.teamAndPlayers, TID - (67),5,RMI Runtime]' was forcefully stopped.
29 апр. 2025 14:11:40,213 ERROR SystemLogger - Thread 'Thread[RMI:HockeyStats.teamAndPlayers, TID - (43),5,RMI Runtime]' was forcefully stopped.
29 апр. 2025 14:11:40,213 ERROR SystemLogger - Thread 'Thread[RMI:HockeyStats.teamAndPlayers, TID - (66),5,RMI Runtime]' was forcefully stopped.
29 апр. 2025 14:11:51,622 ERROR SystemLogger - Failed to initialize tess4j. Add tess4j jar to classpath.
29 апр. 2025 14:18:59,595 ERROR SystemLogger - Failed to initialize tess4j. Add tess4j jar to classpath.
29 апр. 2025 14:44:17,398 ERROR StartLogger - Exception while starting logics instance: [error]:
	HockeyStats:60:1 constrained property is always NULL
Subsequent errors (if any) could not be found.
29 апр. 2025 14:54:04,293 ERROR StartLogger - Exception while starting logics instance: [error]:
	HockeyStats:60:1 constrained property is always NULL
Subsequent errors (if any) could not be found.
29 апр. 2025 14:56:04,445 ERROR StartLogger - Exception while starting logics instance: [error]:
	HockeyStats:58:85 multiple aggregate properties are forbidden with 'lsfusion.server.language.ScriptingLogicsModule$GroupingType@31d98a1c' grouping type
Subsequent errors (if any) could not be found.
29 апр. 2025 15:06:52,096 ERROR SystemLogger - Failed to initialize tess4j. Add tess4j jar to classpath.
29 апр. 2025 15:16:24,794 ERROR StartLogger - Exception while starting logics instance: [error]:
	HockeyStats:61:1 constrained property is always NULL
Subsequent errors (if any) could not be found.
29 апр. 2025 15:17:55,345 ERROR StartLogger - Exception while starting logics instance: [error]:
	HockeyStats:61:1 constrained property is always NULL
Subsequent errors (if any) could not be found.
29 апр. 2025 15:20:16,995 ERROR StartLogger - Exception while starting logics instance: [error]:
	HockeyStats:61:1 constrained property is always NULL
Subsequent errors (if any) could not be found.
29 апр. 2025 15:20:55,181 ERROR StartLogger - Exception while starting logics instance: [error]:
	HockeyStats:62:5 use NULL instead of FALSE
Subsequent errors (if any) could not be found.
29 апр. 2025 15:22:09,062 ERROR StartLogger - Exception while starting logics instance: 
Создание функции : p1620 '(SET) p1604 '' [HockeyStats(61:12)]'
Создание функции : p1621 '(D,в БД) p1604 '' [HockeyStats(61:12)]'
java.lang.AssertionError
	at lsfusion.server.data.table.Field.<init>(Field.java:55)
	at lsfusion.server.data.table.KeyField.<init>(KeyField.java:12)
	at lsfusion.server.logics.property.Property$VirtualTable.lambda$0(Property.java:641)
	at lsfusion.base.col.implementations.simple.SingletonSet.mapRevValues(SingletonSet.java:696)
	at lsfusion.server.logics.property.Property$VirtualTable.<init>(Property.java:641)
	at lsfusion.server.logics.property.Property.getVirtualTable_aroundBody6(Property.java:553)
	at lsfusion.server.logics.property.Property$AjcClosure7.run(Property.java:1)
	at org.aspectj.runtime.reflect.JoinPointImpl.proceed(JoinPointImpl.java:149)
	at lsfusion.server.base.caches.CacheAspect.execute(CacheAspect.java:258)
	at lsfusion.server.base.caches.CacheAspect.lazyIdentityExecute(CacheAspect.java:310)
	at lsfusion.server.base.caches.CacheAspect.callMethod(CacheAspect.java:346)
	at lsfusion.server.base.caches.CacheAspect.callStrongMethod(CacheAspect.java:362)
	at lsfusion.server.logics.property.Property.getVirtualTable(Property.java:552)
	at lsfusion.server.logics.property.Property.getVirtualTableExpr(Property.java:547)
	at lsfusion.server.logics.property.Property.aspectGetExpr(Property.java:1182)
	at lsfusion.server.logics.property.Property.getJoinExpr_aroundBody92(Property.java:2331)
	at lsfusion.server.logics.property.Property$AjcClosure93.run(Property.java:1)
	at org.aspectj.runtime.reflect.JoinPointImpl.proceed(JoinPointImpl.java:149)
	at lsfusion.server.base.controller.stack.ExecutionStackAspect.processStackItem(ExecutionStackAspect.java:312)
	at lsfusion.server.base.controller.stack.ExecutionStackAspect.ajc$inlineAccessMethod$lsfusion_server_base_controller_stack_ExecutionStackAspect$lsfusion_server_base_controller_stack_ExecutionStackAspect$processStackItem(ExecutionStackAspect.java:1)
	at lsfusion.server.base.controller.stack.ExecutionStackAspect.callTwinMethod(ExecutionStackAspect.java:205)
	at lsfusion.server.logics.property.Property.getJoinExpr_aroundBody94(Property.java:2330)
	at lsfusion.server.logics.property.Property$AjcClosure95.run(Property.java:1)
	at org.aspectj.runtime.reflect.JoinPointImpl.proceed(JoinPointImpl.java:149)
	at lsfusion.server.physics.exec.hint.WrapComplexityAspect.getJoinExpr(WrapComplexityAspect.java:48)
	at lsfusion.server.physics.exec.hint.WrapComplexityAspect.callGetJoinExpr(WrapComplexityAspect.java:70)
	at lsfusion.server.logics.property.Property.getJoinExpr_aroundBody96(Property.java:2330)
	at lsfusion.server.logics.property.Property$AjcClosure97.run(Property.java:1)
	at org.aspectj.runtime.reflect.JoinPointImpl.proceed(JoinPointImpl.java:229)
	at lsfusion.server.logics.property.caches.MapCacheAspect.getJoinExpr(MapCacheAspect.java:609)
	at lsfusion.server.logics.property.caches.MapCacheAspect.callGetJoinExpr(MapCacheAspect.java:637)
	at lsfusion.server.logics.property.Property.getJoinExpr_aroundBody98(Property.java:2330)
	at lsfusion.server.logics.property.Property.getJoinExpr_aroundBody99$advice(Property.java:357)
	at lsfusion.server.logics.property.Property.getJoinExpr_aroundBody100(Property.java:1)
	at lsfusion.server.logics.property.Property.getJoinExpr_aroundBody101$advice(Property.java:28)
	at lsfusion.server.logics.property.Property.getJoinExpr(Property.java:1)
	at lsfusion.server.logics.property.Property.getExpr(Property.java:2374)
	at lsfusion.server.logics.property.Property.getIncrementExpr(Property.java:712)
	at lsfusion.server.logics.action.session.changed.ChangedProperty.calculateExpr(ChangedProperty.java:102)
	at lsfusion.server.logics.property.Property.aspectCalculateExpr(Property.java:1141)
	at lsfusion.server.logics.property.Property.aspectGetExpr(Property.java:1203)
	at lsfusion.server.logics.property.Property.getJoinExpr_aroundBody92(Property.java:2331)
	at lsfusion.server.logics.property.Property$AjcClosure93.run(Property.java:1)
	at org.aspectj.runtime.reflect.JoinPointImpl.proceed(JoinPointImpl.java:149)
	at lsfusion.server.base.controller.stack.ExecutionStackAspect.processStackItem(ExecutionStackAspect.java:312)
	at lsfusion.server.base.controller.stack.ExecutionStackAspect.ajc$inlineAccessMethod$lsfusion_server_base_controller_stack_ExecutionStackAspect$lsfusion_server_base_controller_stack_ExecutionStackAspect$processStackItem(ExecutionStackAspect.java:1)
	at lsfusion.server.base.controller.stack.ExecutionStackAspect.callTwinMethod(ExecutionStackAspect.java:205)
	at lsfusion.server.logics.property.Property.getJoinExpr_aroundBody94(Property.java:2330)
	at lsfusion.server.logics.property.Property$AjcClosure95.run(Property.java:1)
	at org.aspectj.runtime.reflect.JoinPointImpl.proceed(JoinPointImpl.java:149)
	at lsfusion.server.physics.exec.hint.WrapComplexityAspect.getJoinExpr(WrapComplexityAspect.java:48)
	at lsfusion.server.physics.exec.hint.WrapComplexityAspect.callGetJoinExpr(WrapComplexityAspect.java:70)
	at lsfusion.server.logics.property.Property.getJoinExpr_aroundBody96(Property.java:2330)
	at lsfusion.server.logics.property.Property$AjcClosure97.run(Property.java:1)
	at org.aspectj.runtime.reflect.JoinPointImpl.proceed(JoinPointImpl.java:229)
	at lsfusion.server.logics.property.caches.MapCacheAspect.getJoinExpr(MapCacheAspect.java:609)
	at lsfusion.server.logics.property.caches.MapCacheAspect.callGetJoinExpr(MapCacheAspect.java:637)
	at lsfusion.server.logics.property.Property.getJoinExpr_aroundBody98(Property.java:2330)
	at lsfusion.server.logics.property.Property.getJoinExpr_aroundBody99$advice(Property.java:357)
	at lsfusion.server.logics.property.Property.getJoinExpr_aroundBody100(Property.java:1)
	at lsfusion.server.logics.property.Property.getJoinExpr_aroundBody101$advice(Property.java:28)
	at lsfusion.server.logics.property.Property.getJoinExpr(Property.java:1)
	at lsfusion.server.logics.property.Property.getExpr(Property.java:2374)
	at lsfusion.server.logics.property.Property.getExpr(Property.java:2347)
	at lsfusion.server.logics.property.Property.usePrevHeur(Property.java:557)
	at lsfusion.server.logics.constraint.PropertyFormEntity.<init>(PropertyFormEntity.java:49)
	at lsfusion.server.logics.BaseLogicsModule.getLogForm(BaseLogicsModule.java:738)
	at lsfusion.server.logics.constraint.OutFormSelector.getStaticForm_aroundBody0(OutFormSelector.java:53)
	at lsfusion.server.logics.constraint.OutFormSelector$AjcClosure1.run(OutFormSelector.java:1)
	at org.aspectj.runtime.reflect.JoinPointImpl.proceed(JoinPointImpl.java:149)
	at lsfusion.server.base.caches.CacheAspect.execute(CacheAspect.java:258)
	at lsfusion.server.base.caches.CacheAspect.lazyIdentityExecute(CacheAspect.java:310)
	at lsfusion.server.base.caches.CacheAspect.callMethod(CacheAspect.java:346)
	at lsfusion.server.base.caches.CacheAspect.callStrongMethod(CacheAspect.java:362)
	at lsfusion.server.logics.constraint.OutFormSelector.getStaticForm(OutFormSelector.java:52)
	at lsfusion.server.logics.form.open.FormAction.getForm(FormAction.java:47)
	at lsfusion.server.logics.form.open.FormAction.calculateUsedExtProps(FormAction.java:143)
	at lsfusion.server.logics.action.Action.getUsedExtProps(Action.java:184)
	at lsfusion.server.logics.action.Action.calculateUsedExtProps(Action.java:195)
	at lsfusion.server.logics.action.flow.JoinAction.calculateUsedExtProps(JoinAction.java:90)
	at lsfusion.server.logics.action.Action.getUsedExtProps(Action.java:184)
	at lsfusion.server.logics.action.Action.calculateUsedExtProps(Action.java:195)
	at lsfusion.server.logics.action.Action.getUsedExtProps(Action.java:184)
	at lsfusion.server.logics.action.Action.calculateUsedExtProps(Action.java:195)
	at lsfusion.server.logics.action.flow.CaseAction.calculateUsedExtProps(CaseAction.java:151)
	at lsfusion.server.logics.action.Action.getUsedExtProps(Action.java:184)
	at lsfusion.server.logics.action.Action.calculateLinks(Action.java:365)
	at lsfusion.server.logics.property.oraction.ActionOrProperty.getSortedLinks(ActionOrProperty.java:498)
	at lsfusion.server.logics.BusinessLogics.prereadSortedLinks(BusinessLogics.java:829)
	at lsfusion.server.logics.event.init.PrereadLinksTask.runTask(PrereadLinksTask.java:26)
	at lsfusion.server.logics.event.init.PrereadLinksTask.runTask(PrereadLinksTask.java:1)
	at lsfusion.server.base.task.GroupSingleSplitTask.runGroupTask(GroupSingleSplitTask.java:20)
	at lsfusion.server.base.task.GroupSplitTask$1.run(GroupSplitTask.java:43)
	at lsfusion.server.base.task.Task.proceed(Task.java:154)
	at lsfusion.server.base.task.Task$1.aspectRun(Task.java:112)
	at lsfusion.server.base.controller.thread.ExecutorFactory$AspectRunnable.run(ExecutorFactory.java:476)
	at java.base/java.util.concurrent.ThreadPoolExecutor.runWorker(ThreadPoolExecutor.java:1128)
	at java.base/java.util.concurrent.ThreadPoolExecutor$Worker.run(ThreadPoolExecutor.java:628)
	at java.base/java.lang.Thread.run(Thread.java:829)
	at lsfusion.server.base.controller.thread.ExecutorFactory$ClosableDaemonThreadFactory$ClosableThread.run(ExecutorFactory.java:558)
29 апр. 2025 15:25:38,519 ERROR SystemLogger - Failed to initialize tess4j. Add tess4j jar to classpath.
29 апр. 2025 15:29:38,486 ERROR StartLogger - Exception while starting logics instance: [error]:
	HockeyStats:60:1 constrained property is always NULL
Subsequent errors (if any) could not be found.
29 апр. 2025 15:45:58,611 ERROR StartLogger - Exception while starting logics instance: [error]:
	HockeyStats:64:1 constrained property is always NULL
Subsequent errors (if any) could not be found.
29 апр. 2025 15:55:06,331 ERROR StartLogger - Exception while starting logics instance: [error]:
	HockeyStats:63:1 constrained property is always NULL
Subsequent errors (if any) could not be found.
29 апр. 2025 15:55:31,867 ERROR SystemLogger - Failed to initialize tess4j. Add tess4j jar to classpath.
29 апр. 2025 16:09:03,254 ERROR SystemLogger - Failed to initialize tess4j. Add tess4j jar to classpath.
29 апр. 2025 16:10:21,786 ERROR SystemLogger - Failed to initialize tess4j. Add tess4j jar to classpath.
29 апр. 2025 16:13:41,017 ERROR SystemLogger - Failed to initialize tess4j. Add tess4j jar to classpath.
29 апр. 2025 16:39:42,285 ERROR SystemLogger - Failed to initialize tess4j. Add tess4j jar to classpath.
29 апр. 2025 16:42:44,892 ERROR SystemLogger - Failed to initialize tess4j. Add tess4j jar to classpath.
29 апр. 2025 16:48:43,404 ERROR SystemLogger - Failed to initialize tess4j. Add tess4j jar to classpath.
29 апр. 2025 16:49:59,233 ERROR SystemLogger - Failed to initialize tess4j. Add tess4j jar to classpath.
29 апр. 2025 16:53:19,598 ERROR SystemLogger - Failed to initialize tess4j. Add tess4j jar to classpath.
29 апр. 2025 20:23:16,484 ERROR SystemLogger - Failed to initialize tess4j. Add tess4j jar to classpath.
29 апр. 2025 20:32:48,332 ERROR SystemLogger - Failed to initialize tess4j. Add tess4j jar to classpath.
29 апр. 2025 20:39:26,015 ERROR SystemLogger - Failed to initialize tess4j. Add tess4j jar to classpath.
29 апр. 2025 20:43:03,951 ERROR SystemLogger - Failed to initialize tess4j. Add tess4j jar to classpath.
29 апр. 2025 20:54:05,255 ERROR SystemLogger - Failed to initialize tess4j. Add tess4j jar to classpath.
29 апр. 2025 20:57:17,734 ERROR SystemLogger - Failed to initialize tess4j. Add tess4j jar to classpath.
29 апр. 2025 20:59:24,763 ERROR SystemLogger - Failed to initialize tess4j. Add tess4j jar to classpath.
29 апр. 2025 21:18:23,979 ERROR SystemLogger - Failed to initialize tess4j. Add tess4j jar to classpath.
29 апр. 2025 21:27:59,972 ERROR SystemLogger - Failed to initialize tess4j. Add tess4j jar to classpath.
29 апр. 2025 21:50:35,924 ERROR SystemLogger - Failed to initialize tess4j. Add tess4j jar to classpath.
29 апр. 2025 21:54:37,798 ERROR SystemLogger - Failed to initialize tess4j. Add tess4j jar to classpath.
29 апр. 2025 21:55:31,023 ERROR SystemLogger - Failed to initialize tess4j. Add tess4j jar to classpath.
29 апр. 2025 22:08:22,246 ERROR SystemLogger - Failed to initialize tess4j. Add tess4j jar to classpath.
29 апр. 2025 22:45:33,371 ERROR SystemLogger - Failed to initialize tess4j. Add tess4j jar to classpath.
29 апр. 2025 22:47:58,626 ERROR SystemLogger - Failed to initialize tess4j. Add tess4j jar to classpath.
29 апр. 2025 22:51:54,918 ERROR SystemLogger - Failed to initialize tess4j. Add tess4j jar to classpath.
29 апр. 2025 22:53:37,526 ERROR SystemLogger - Failed to initialize tess4j. Add tess4j jar to classpath.
29 апр. 2025 22:55:27,889 ERROR SystemLogger - Failed to initialize tess4j. Add tess4j jar to classpath.
29 апр. 2025 22:56:45,033 ERROR SystemLogger - Failed to initialize tess4j. Add tess4j jar to classpath.
29 апр. 2025 22:58:49,320 ERROR SystemLogger - Failed to initialize tess4j. Add tess4j jar to classpath.
29 апр. 2025 23:01:42,473 ERROR SystemLogger - Failed to initialize tess4j. Add tess4j jar to classpath.
29 апр. 2025 23:02:59,352 ERROR SystemLogger - Failed to initialize tess4j. Add tess4j jar to classpath.
29 апр. 2025 23:04:57,550 ERROR SystemLogger - Failed to initialize tess4j. Add tess4j jar to classpath.
29 апр. 2025 23:08:23,564 ERROR SystemLogger - Failed to initialize tess4j. Add tess4j jar to classpath.
29 апр. 2025 23:12:06,510 ERROR SystemLogger - Failed to initialize tess4j. Add tess4j jar to classpath.
